<?xml version="1.0" encoding="UTF-8"?>
<!-- Generated by org.testng.reporters.JUnitXMLReporter -->
<testsuite ignored="0" hostname="LAPTOP-TT8TF5GG" failures="0" tests="9" name="Test" time="42.339" errors="0" timestamp="2023-03-10T12:59:37 IST">
  <testcase classname="org.test.SampleTest" name="tc1" time="6.175"/>
  <testcase classname="org.test.SampleTest2" name="tc1" time="8.23"/>
  <testcase classname="org.test.SampleTest3" name="tc1" time="8.9"/>
  <testcase classname="org.test.SampleTest" name="tc2" time="5.916"/>
  <testcase classname="org.test.SampleTest2" name="tc2" time="12.86"/>
  <testcase classname="org.test.SampleTest" name="tc3" time="13.593"/>
  <testcase classname="org.test.SampleTest2" name="tc3" time="10.588"/>
  <testcase classname="org.test.SampleTest3" name="tc2" time="26.364"/>
  <testcase classname="org.test.SampleTest3" name="tc3" time="7.014"/>
</testsuite> <!-- Test -->
