<?xml version="1.0" encoding="UTF-8"?>
<testng-results ignored="0" total="3" passed="2" failed="1" skipped="0">
  <reporter-output>
  </reporter-output>
  <suite started-at="2023-03-10T13:16:09 IST" name="Suite" finished-at="2023-03-10T13:16:24 IST" duration-ms="14553">
    <groups>
    </groups>
    <test started-at="2023-03-10T13:16:09 IST" name="ChromeTest" finished-at="2023-03-10T13:16:15 IST" duration-ms="5687">
      <class name="org.tem.CrossSample">
        <test-method signature="tc1(java.lang.String)[pri:0, instance:org.tem.CrossSample@c33b74f]" started-at="2023-03-10T13:16:09 IST" name="tc1" finished-at="2023-03-10T13:16:15 IST" duration-ms="5620" status="PASS">
          <params>
            <param index="0">
              <value>
                <![CDATA[chromebrowser]]>
              </value>
            </param>
          </params>
          <reporter-output>
          </reporter-output>
        </test-method> <!-- tc1 -->
      </class> <!-- org.tem.CrossSample -->
    </test> <!-- ChromeTest -->
    <test started-at="2023-03-10T13:16:09 IST" name="EdgeTest" finished-at="2023-03-10T13:16:16 IST" duration-ms="6759">
      <class name="org.tem.CrossSample">
        <test-method signature="tc1(java.lang.String)[pri:0, instance:org.tem.CrossSample@5b239d7d]" started-at="2023-03-10T13:16:09 IST" name="tc1" finished-at="2023-03-10T13:16:16 IST" duration-ms="6708" status="PASS">
          <params>
            <param index="0">
              <value>
                <![CDATA[edgebrowser]]>
              </value>
            </param>
          </params>
          <reporter-output>
          </reporter-output>
        </test-method> <!-- tc1 -->
      </class> <!-- org.tem.CrossSample -->
    </test> <!-- EdgeTest -->
    <test started-at="2023-03-10T13:16:09 IST" name="FirefoxTest" finished-at="2023-03-10T13:16:24 IST" duration-ms="14553">
      <class name="org.tem.CrossSample">
        <test-method signature="tc1(java.lang.String)[pri:0, instance:org.tem.CrossSample@12468a38]" started-at="2023-03-10T13:16:09 IST" name="tc1" finished-at="2023-03-10T13:16:24 IST" duration-ms="14500" status="FAIL">
          <params>
            <param index="0">
              <value>
                <![CDATA[firefoxbrowser]]>
              </value>
            </param>
          </params>
          <exception class="org.openqa.selenium.WebDriverException">
            <message>
              <![CDATA[Cannot find firefox binary in PATH. Make sure firefox is installed. OS appears to be: WIN10
Build info: version: '3.141.59', revision: 'e82be7d358', time: '2018-11-14T08:17:03'
System info: host: 'LAPTOP-TT8TF5GG', ip: '192.168.1.2', os.name: 'Windows 10', os.arch: 'amd64', os.version: '10.0', java.version: '19.0.1'
Driver info: driver.version: FirefoxDriver]]>
            </message>
            <full-stacktrace>
              <![CDATA[org.openqa.selenium.WebDriverException: Cannot find firefox binary in PATH. Make sure firefox is installed. OS appears to be: WIN10
Build info: version: '3.141.59', revision: 'e82be7d358', time: '2018-11-14T08:17:03'
System info: host: 'LAPTOP-TT8TF5GG', ip: '192.168.1.2', os.name: 'Windows 10', os.arch: 'amd64', os.version: '10.0', java.version: '19.0.1'
Driver info: driver.version: FirefoxDriver
at org.openqa.selenium.firefox.FirefoxBinary.<init>(FirefoxBinary.java:100)
at java.base/java.util.Optional.orElseGet(Optional.java:364)
at org.openqa.selenium.firefox.FirefoxOptions.getBinary(FirefoxOptions.java:216)
at org.openqa.selenium.firefox.FirefoxDriver.toExecutor(FirefoxDriver.java:187)
at org.openqa.selenium.firefox.FirefoxDriver.<init>(FirefoxDriver.java:147)
at org.openqa.selenium.firefox.FirefoxDriver.<init>(FirefoxDriver.java:125)
at org.tem.CrossSample.tc1(CrossSample.java:26)
at java.base/jdk.internal.reflect.DirectMethodHandleAccessor.invoke(DirectMethodHandleAccessor.java:104)
at java.base/java.lang.reflect.Method.invoke(Method.java:578)
at org.testng.internal.MethodInvocationHelper.invokeMethod(MethodInvocationHelper.java:133)
at org.testng.internal.TestInvoker.invokeMethod(TestInvoker.java:598)
at org.testng.internal.TestInvoker.invokeTestMethod(TestInvoker.java:173)
at org.testng.internal.MethodRunner.runInSequence(MethodRunner.java:46)
at org.testng.internal.TestInvoker$MethodInvocationAgent.invoke(TestInvoker.java:824)
at org.testng.internal.TestInvoker.invokeTestMethods(TestInvoker.java:146)
at org.testng.internal.TestMethodWorker.invokeTestMethods(TestMethodWorker.java:146)
at org.testng.internal.TestMethodWorker.run(TestMethodWorker.java:128)
at java.base/java.util.ArrayList.forEach(ArrayList.java:1511)
at org.testng.TestRunner.privateRun(TestRunner.java:794)
at org.testng.TestRunner.run(TestRunner.java:596)
at org.testng.SuiteRunner.runTest(SuiteRunner.java:377)
at org.testng.SuiteRunner.access$000(SuiteRunner.java:28)
at org.testng.SuiteRunner$SuiteWorker.run(SuiteRunner.java:418)
at org.testng.internal.thread.ThreadUtil.lambda$execute$0(ThreadUtil.java:64)
at java.base/java.util.concurrent.FutureTask.run(FutureTask.java:317)
at java.base/java.util.concurrent.ThreadPoolExecutor.runWorker(ThreadPoolExecutor.java:1144)
at java.base/java.util.concurrent.ThreadPoolExecutor$Worker.run(ThreadPoolExecutor.java:642)
at java.base/java.lang.Thread.run(Thread.java:1589)
]]>
            </full-stacktrace>
          </exception> <!-- org.openqa.selenium.WebDriverException -->
          <reporter-output>
          </reporter-output>
        </test-method> <!-- tc1 -->
      </class> <!-- org.tem.CrossSample -->
    </test> <!-- FirefoxTest -->
  </suite> <!-- Suite -->
</testng-results>
